<?xml version="1.0" encoding="UTF-8"?>
<testng-results ignored="0" total="6" passed="6" failed="0" skipped="0">
  <reporter-output>
  </reporter-output>
  <suite started-at="2021-11-26T17:01:00 IST" name="Default suite" finished-at="2021-11-26T17:01:07 IST" duration-ms="7383">
    <groups>
      <group name="cucumber">
        <method signature="AbstractTestNGCucumberTests.runScenario(io.cucumber.testng.PickleWrapper,io.cucumber.testng.FeatureWrapper)[pri:0, instance:runners.TestRunner@2e6a8155]" name="runScenario" class="io.cucumber.testng.AbstractTestNGCucumberTests"/>
      </group> <!-- cucumber -->
    </groups>
    <test started-at="2021-11-26T17:01:00 IST" name="Default test" finished-at="2021-11-26T17:01:07 IST" duration-ms="7383">
      <class name="runners.TestRunner">
        <test-method is-config="true" signature="setUpClass(org.testng.ITestContext)[pri:0, instance:runners.TestRunner@2e6a8155]" started-at="2021-11-26T17:01:00 IST" name="setUpClass" finished-at="2021-11-26T17:01:00 IST" duration-ms="202" status="PASS">
          <params>
            <param index="0">
              <value>
                <![CDATA[org.testng.TestRunner@30aec673]]>
              </value>
            </param>
          </params>
          <reporter-output>
          </reporter-output>
        </test-method> <!-- setUpClass -->
        <test-method signature="runScenario(io.cucumber.testng.PickleWrapper,io.cucumber.testng.FeatureWrapper)[pri:0, instance:runners.TestRunner@2e6a8155]" started-at="2021-11-26T17:01:00 IST" name="runScenario" description="Runs Cucumber Scenarios" data-provider="scenarios" finished-at="2021-11-26T17:01:02 IST" duration-ms="2088" status="PASS">
          <params>
            <param index="0">
              <value>
                <![CDATA["User is launching the DemoBlaze website"]]>
              </value>
            </param>
            <param index="1">
              <value>
                <![CDATA["Optional[As a DemoBlaze user I should be able to get list of the products with or without logged in to the application]"]]>
              </value>
            </param>
          </params>
          <reporter-output>
          </reporter-output>
        </test-method> <!-- runScenario -->
        <test-method signature="runScenario(io.cucumber.testng.PickleWrapper,io.cucumber.testng.FeatureWrapper)[pri:0, instance:runners.TestRunner@2e6a8155]" started-at="2021-11-26T17:01:02 IST" name="runScenario" description="Runs Cucumber Scenarios" data-provider="scenarios" finished-at="2021-11-26T17:01:04 IST" duration-ms="1796" status="PASS">
          <params>
            <param index="0">
              <value>
                <![CDATA["User is getting logged in to the DemoBlaze website"]]>
              </value>
            </param>
            <param index="1">
              <value>
                <![CDATA["Optional[As a DemoBlaze user I should be able to get list of the products with or without logged in to the application]"]]>
              </value>
            </param>
          </params>
          <reporter-output>
          </reporter-output>
        </test-method> <!-- runScenario -->
        <test-method signature="runScenario(io.cucumber.testng.PickleWrapper,io.cucumber.testng.FeatureWrapper)[pri:0, instance:runners.TestRunner@2e6a8155]" started-at="2021-11-26T17:01:04 IST" name="runScenario" description="Runs Cucumber Scenarios" data-provider="scenarios" finished-at="2021-11-26T17:01:04 IST" duration-ms="782" status="PASS">
          <params>
            <param index="0">
              <value>
                <![CDATA["Getting the list of Phones from Phone option that is  available on Home Page of"]]>
              </value>
            </param>
            <param index="1">
              <value>
                <![CDATA["Optional[As a DemoBlaze user I should be able to get list of the products with or without logged in to the application]"]]>
              </value>
            </param>
          </params>
          <reporter-output>
          </reporter-output>
        </test-method> <!-- runScenario -->
        <test-method signature="runScenario(io.cucumber.testng.PickleWrapper,io.cucumber.testng.FeatureWrapper)[pri:0, instance:runners.TestRunner@2e6a8155]" started-at="2021-11-26T17:01:04 IST" name="runScenario" description="Runs Cucumber Scenarios" data-provider="scenarios" finished-at="2021-11-26T17:01:05 IST" duration-ms="705" status="PASS">
          <params>
            <param index="0">
              <value>
                <![CDATA["Getting the list of Laptops from Laptop option that is  available on Home Page of DemoBlaze website:"]]>
              </value>
            </param>
            <param index="1">
              <value>
                <![CDATA["Optional[As a DemoBlaze user I should be able to get list of the products with or without logged in to the application]"]]>
              </value>
            </param>
          </params>
          <reporter-output>
          </reporter-output>
        </test-method> <!-- runScenario -->
        <test-method signature="runScenario(io.cucumber.testng.PickleWrapper,io.cucumber.testng.FeatureWrapper)[pri:0, instance:runners.TestRunner@2e6a8155]" started-at="2021-11-26T17:01:05 IST" name="runScenario" description="Runs Cucumber Scenarios" data-provider="scenarios" finished-at="2021-11-26T17:01:06 IST" duration-ms="919" status="PASS">
          <params>
            <param index="0">
              <value>
                <![CDATA["Getting the list of Laptops from Laptop option that is  available on Home Page of DemoBlaze website:"]]>
              </value>
            </param>
            <param index="1">
              <value>
                <![CDATA["Optional[As a DemoBlaze user I should be able to get list of the products with or without logged in to the application]"]]>
              </value>
            </param>
          </params>
          <reporter-output>
          </reporter-output>
        </test-method> <!-- runScenario -->
        <test-method signature="runScenario(io.cucumber.testng.PickleWrapper,io.cucumber.testng.FeatureWrapper)[pri:0, instance:runners.TestRunner@2e6a8155]" started-at="2021-11-26T17:01:06 IST" name="runScenario" description="Runs Cucumber Scenarios" data-provider="scenarios" finished-at="2021-11-26T17:01:07 IST" duration-ms="836" status="PASS">
          <params>
            <param index="0">
              <value>
                <![CDATA["User is navigating to the next page and getting the monitor items from next page"]]>
              </value>
            </param>
            <param index="1">
              <value>
                <![CDATA["Optional[As a DemoBlaze user I should be able to get list of the products with or without logged in to the application]"]]>
              </value>
            </param>
          </params>
          <reporter-output>
          </reporter-output>
        </test-method> <!-- runScenario -->
        <test-method is-config="true" signature="tearDownClass()[pri:0, instance:runners.TestRunner@2e6a8155]" started-at="2021-11-26T17:01:07 IST" name="tearDownClass" finished-at="2021-11-26T17:01:07 IST" duration-ms="14" status="PASS">
          <reporter-output>
          </reporter-output>
        </test-method> <!-- tearDownClass -->
      </class> <!-- runners.TestRunner -->
    </test> <!-- Default test -->
  </suite> <!-- Default suite -->
</testng-results>
